<?xml version="1.0" encoding="UTF-8"?>
<!-- Generated by org.testng.reporters.JUnitReportReporter -->
<testsuite hostname="AGRNT-WS-003" failures="0" tests="1" name="Testcases.Loginapplication" time="6.188" errors="0" timestamp="2022-08-26T17:56:57 IST" skipped="0">
  <testcase classname="Testcases.Loginapplication" name="login" time="6.188"/>
  <system-out/>
</testsuite> <!-- Testcases.Loginapplication -->
